CRITICAL - 2023-09-23 12:19:18 --> Class "App\Model\MusicTrackModel" not found
in APPPATH\Controllers\MusicTrackController.php on line 31.
 1 SYSTEMPATH\CodeIgniter.php(919): App\Controllers\MusicTrackController->upload()
 2 SYSTEMPATH\CodeIgniter.php(494): CodeIgniter\CodeIgniter->runController(Object(App\Controllers\MusicTrackController))
 3 SYSTEMPATH\CodeIgniter.php(353): CodeIgniter\CodeIgniter->handleRequest(null, Object(Config\Cache), false)
 4 FCPATH\index.php(79): CodeIgniter\CodeIgniter->run()
 5 SYSTEMPATH\Commands\Server\rewrite.php(47): require_once('C:\\laragon\\www\\MusicPlayer\\public\\index.php')
CRITICAL - 2023-09-23 12:20:49 --> Class "App\Model\MusicTrackModel" not found
in APPPATH\Controllers\MusicTrackController.php on line 31.
 1 SYSTEMPATH\CodeIgniter.php(919): App\Controllers\MusicTrackController->upload()
 2 SYSTEMPATH\CodeIgniter.php(494): CodeIgniter\CodeIgniter->runController(Object(App\Controllers\MusicTrackController))
 3 SYSTEMPATH\CodeIgniter.php(353): CodeIgniter\CodeIgniter->handleRequest(null, Object(Config\Cache), false)
 4 FCPATH\index.php(79): CodeIgniter\CodeIgniter->run()
 5 SYSTEMPATH\Commands\Server\rewrite.php(47): require_once('C:\\laragon\\www\\MusicPlayer\\public\\index.php')
CRITICAL - 2023-09-23 12:22:35 --> Class "App\Model\MusicTrackModel" not found
in APPPATH\Controllers\MusicTrackController.php on line 31.
 1 SYSTEMPATH\CodeIgniter.php(919): App\Controllers\MusicTrackController->upload()
 2 SYSTEMPATH\CodeIgniter.php(494): CodeIgniter\CodeIgniter->runController(Object(App\Controllers\MusicTrackController))
 3 SYSTEMPATH\CodeIgniter.php(353): CodeIgniter\CodeIgniter->handleRequest(null, Object(Config\Cache), false)
 4 FCPATH\index.php(79): CodeIgniter\CodeIgniter->run()
 5 SYSTEMPATH\Commands\Server\rewrite.php(47): require_once('C:\\laragon\\www\\MusicPlayer\\public\\index.php')
CRITICAL - 2023-09-23 12:22:43 --> Class "App\Model\MusicTrackModel" not found
in APPPATH\Controllers\MusicTrackController.php on line 31.
 1 SYSTEMPATH\CodeIgniter.php(919): App\Controllers\MusicTrackController->upload()
 2 SYSTEMPATH\CodeIgniter.php(494): CodeIgniter\CodeIgniter->runController(Object(App\Controllers\MusicTrackController))
 3 SYSTEMPATH\CodeIgniter.php(353): CodeIgniter\CodeIgniter->handleRequest(null, Object(Config\Cache), false)
 4 FCPATH\index.php(79): CodeIgniter\CodeIgniter->run()
 5 SYSTEMPATH\Commands\Server\rewrite.php(47): require_once('C:\\laragon\\www\\MusicPlayer\\public\\index.php')
CRITICAL - 2023-09-23 12:25:36 --> Class "App\Model\MusicTrackModel" not found
in APPPATH\Controllers\MusicTrackController.php on line 31.
 1 SYSTEMPATH\CodeIgniter.php(919): App\Controllers\MusicTrackController->upload()
 2 SYSTEMPATH\CodeIgniter.php(494): CodeIgniter\CodeIgniter->runController(Object(App\Controllers\MusicTrackController))
 3 SYSTEMPATH\CodeIgniter.php(353): CodeIgniter\CodeIgniter->handleRequest(null, Object(Config\Cache), false)
 4 FCPATH\index.php(79): CodeIgniter\CodeIgniter->run()
 5 SYSTEMPATH\Commands\Server\rewrite.php(47): require_once('C:\\laragon\\www\\MusicPlayer\\public\\index.php')
CRITICAL - 2023-09-23 12:25:44 --> Class "App\Model\MusicTrackModel" not found
in APPPATH\Controllers\MusicTrackController.php on line 31.
 1 SYSTEMPATH\CodeIgniter.php(919): App\Controllers\MusicTrackController->upload()
 2 SYSTEMPATH\CodeIgniter.php(494): CodeIgniter\CodeIgniter->runController(Object(App\Controllers\MusicTrackController))
 3 SYSTEMPATH\CodeIgniter.php(353): CodeIgniter\CodeIgniter->handleRequest(null, Object(Config\Cache), false)
 4 FCPATH\index.php(79): CodeIgniter\CodeIgniter->run()
 5 SYSTEMPATH\Commands\Server\rewrite.php(47): require_once('C:\\laragon\\www\\MusicPlayer\\public\\index.php')
CRITICAL - 2023-09-23 12:38:14 --> Class "App\Model\MusicTrackModel" not found
in APPPATH\Controllers\MusicTrackController.php on line 31.
 1 SYSTEMPATH\CodeIgniter.php(919): App\Controllers\MusicTrackController->upload()
 2 SYSTEMPATH\CodeIgniter.php(494): CodeIgniter\CodeIgniter->runController(Object(App\Controllers\MusicTrackController))
 3 SYSTEMPATH\CodeIgniter.php(353): CodeIgniter\CodeIgniter->handleRequest(null, Object(Config\Cache), false)
 4 FCPATH\index.php(79): CodeIgniter\CodeIgniter->run()
 5 SYSTEMPATH\Commands\Server\rewrite.php(47): require_once('C:\\laragon\\www\\MusicPlayer\\public\\index.php')
CRITICAL - 2023-09-23 12:40:18 --> Class "App\Model\MusicTrackModel" not found
in APPPATH\Controllers\MusicTrackController.php on line 31.
 1 SYSTEMPATH\CodeIgniter.php(919): App\Controllers\MusicTrackController->upload()
 2 SYSTEMPATH\CodeIgniter.php(494): CodeIgniter\CodeIgniter->runController(Object(App\Controllers\MusicTrackController))
 3 SYSTEMPATH\CodeIgniter.php(353): CodeIgniter\CodeIgniter->handleRequest(null, Object(Config\Cache), false)
 4 FCPATH\index.php(79): CodeIgniter\CodeIgniter->run()
 5 SYSTEMPATH\Commands\Server\rewrite.php(47): require_once('C:\\laragon\\www\\MusicPlayer\\public\\index.php')
CRITICAL - 2023-09-23 12:41:52 --> Class "App\Model\MusicTrackModel" not found
in APPPATH\Controllers\MusicTrackController.php on line 63.
 1 SYSTEMPATH\CodeIgniter.php(919): App\Controllers\MusicTrackController->upload()
 2 SYSTEMPATH\CodeIgniter.php(494): CodeIgniter\CodeIgniter->runController(Object(App\Controllers\MusicTrackController))
 3 SYSTEMPATH\CodeIgniter.php(353): CodeIgniter\CodeIgniter->handleRequest(null, Object(Config\Cache), false)
 4 FCPATH\index.php(79): CodeIgniter\CodeIgniter->run()
 5 SYSTEMPATH\Commands\Server\rewrite.php(47): require_once('C:\\laragon\\www\\MusicPlayer\\public\\index.php')
CRITICAL - 2023-09-23 12:48:07 --> Class "App\Model\MusicTrackModel" not found
in APPPATH\Controllers\MusicTrackController.php on line 63.
 1 SYSTEMPATH\CodeIgniter.php(919): App\Controllers\MusicTrackController->upload()
 2 SYSTEMPATH\CodeIgniter.php(494): CodeIgniter\CodeIgniter->runController(Object(App\Controllers\MusicTrackController))
 3 SYSTEMPATH\CodeIgniter.php(353): CodeIgniter\CodeIgniter->handleRequest(null, Object(Config\Cache), false)
 4 FCPATH\index.php(79): CodeIgniter\CodeIgniter->run()
 5 SYSTEMPATH\Commands\Server\rewrite.php(47): require_once('C:\\laragon\\www\\MusicPlayer\\public\\index.php')
CRITICAL - 2023-09-23 12:56:58 --> Class "App\Model\MusicTrackModel" not found
in APPPATH\Controllers\MusicTrackController.php on line 63.
 1 SYSTEMPATH\CodeIgniter.php(919): App\Controllers\MusicTrackController->upload()
 2 SYSTEMPATH\CodeIgniter.php(494): CodeIgniter\CodeIgniter->runController(Object(App\Controllers\MusicTrackController))
 3 SYSTEMPATH\CodeIgniter.php(353): CodeIgniter\CodeIgniter->handleRequest(null, Object(Config\Cache), false)
 4 FCPATH\index.php(79): CodeIgniter\CodeIgniter->run()
 5 SYSTEMPATH\Commands\Server\rewrite.php(47): require_once('C:\\laragon\\www\\MusicPlayer\\public\\index.php')
CRITICAL - 2023-09-23 12:57:21 --> Class "App\Model\MusicTrackModel" not found
in APPPATH\Controllers\MusicTrackController.php on line 63.
 1 SYSTEMPATH\CodeIgniter.php(919): App\Controllers\MusicTrackController->upload()
 2 SYSTEMPATH\CodeIgniter.php(494): CodeIgniter\CodeIgniter->runController(Object(App\Controllers\MusicTrackController))
 3 SYSTEMPATH\CodeIgniter.php(353): CodeIgniter\CodeIgniter->handleRequest(null, Object(Config\Cache), false)
 4 FCPATH\index.php(79): CodeIgniter\CodeIgniter->run()
 5 SYSTEMPATH\Commands\Server\rewrite.php(47): require_once('C:\\laragon\\www\\MusicPlayer\\public\\index.php')
CRITICAL - 2023-09-23 12:57:52 --> Class "App\Model\MusicTrackModel" not found
in APPPATH\Controllers\MusicTrackController.php on line 63.
 1 SYSTEMPATH\CodeIgniter.php(919): App\Controllers\MusicTrackController->upload()
 2 SYSTEMPATH\CodeIgniter.php(494): CodeIgniter\CodeIgniter->runController(Object(App\Controllers\MusicTrackController))
 3 SYSTEMPATH\CodeIgniter.php(353): CodeIgniter\CodeIgniter->handleRequest(null, Object(Config\Cache), false)
 4 FCPATH\index.php(79): CodeIgniter\CodeIgniter->run()
 5 SYSTEMPATH\Commands\Server\rewrite.php(47): require_once('C:\\laragon\\www\\MusicPlayer\\public\\index.php')
CRITICAL - 2023-09-23 12:59:02 --> Class "App\Model\MusicTrackModel" not found
in APPPATH\Controllers\MusicTrackController.php on line 63.
 1 SYSTEMPATH\CodeIgniter.php(919): App\Controllers\MusicTrackController->upload()
 2 SYSTEMPATH\CodeIgniter.php(494): CodeIgniter\CodeIgniter->runController(Object(App\Controllers\MusicTrackController))
 3 SYSTEMPATH\CodeIgniter.php(353): CodeIgniter\CodeIgniter->handleRequest(null, Object(Config\Cache), false)
 4 FCPATH\index.php(79): CodeIgniter\CodeIgniter->run()
 5 SYSTEMPATH\Commands\Server\rewrite.php(47): require_once('C:\\laragon\\www\\MusicPlayer\\public\\index.php')
CRITICAL - 2023-09-23 13:00:35 --> Class "App\Model\MusicTrackModel" not found
in APPPATH\Controllers\MusicTrackController.php on line 63.
 1 SYSTEMPATH\CodeIgniter.php(919): App\Controllers\MusicTrackController->upload()
 2 SYSTEMPATH\CodeIgniter.php(494): CodeIgniter\CodeIgniter->runController(Object(App\Controllers\MusicTrackController))
 3 SYSTEMPATH\CodeIgniter.php(353): CodeIgniter\CodeIgniter->handleRequest(null, Object(Config\Cache), false)
 4 FCPATH\index.php(79): CodeIgniter\CodeIgniter->run()
 5 SYSTEMPATH\Commands\Server\rewrite.php(47): require_once('C:\\laragon\\www\\MusicPlayer\\public\\index.php')
CRITICAL - 2023-09-23 13:10:02 --> Class "App\Model\MusicTrackModel" not found
in APPPATH\Controllers\MusicTrackController.php on line 63.
 1 SYSTEMPATH\CodeIgniter.php(919): App\Controllers\MusicTrackController->upload()
 2 SYSTEMPATH\CodeIgniter.php(494): CodeIgniter\CodeIgniter->runController(Object(App\Controllers\MusicTrackController))
 3 SYSTEMPATH\CodeIgniter.php(353): CodeIgniter\CodeIgniter->handleRequest(null, Object(Config\Cache), false)
 4 FCPATH\index.php(79): CodeIgniter\CodeIgniter->run()
 5 SYSTEMPATH\Commands\Server\rewrite.php(47): require_once('C:\\laragon\\www\\MusicPlayer\\public\\index.php')
CRITICAL - 2023-09-23 13:13:40 --> Class "App\Model\MusicTrackModel" not found
in APPPATH\Controllers\MusicTrackController.php on line 31.
 1 SYSTEMPATH\CodeIgniter.php(919): App\Controllers\MusicTrackController->upload()
 2 SYSTEMPATH\CodeIgniter.php(494): CodeIgniter\CodeIgniter->runController(Object(App\Controllers\MusicTrackController))
 3 SYSTEMPATH\CodeIgniter.php(353): CodeIgniter\CodeIgniter->handleRequest(null, Object(Config\Cache), false)
 4 FCPATH\index.php(79): CodeIgniter\CodeIgniter->run()
 5 SYSTEMPATH\Commands\Server\rewrite.php(47): require_once('C:\\laragon\\www\\MusicPlayer\\public\\index.php')
CRITICAL - 2023-09-23 13:14:40 --> Undefined variable $errors
in APPPATH\Views\upload.php on line 12.
 1 APPPATH\Views\upload.php(12): CodeIgniter\Debug\Exceptions->errorHandler(2, 'Undefined variable $errors', 'C:\\laragon\\www\\MusicPlayer\\app\\Views\\upload.php', 12)
 2 APPPATH\Views\main1.php(121): include('C:\\laragon\\www\\MusicPlayer\\app\\Views\\upload.php')
 3 SYSTEMPATH\View\View.php(226): include('C:\\laragon\\www\\MusicPlayer\\app\\Views\\main1.php')
 4 SYSTEMPATH\View\View.php(229): CodeIgniter\View\View->CodeIgniter\View\{closure}()
 5 SYSTEMPATH\Common.php(1188): CodeIgniter\View\View->render('/main1', [], true)
 6 APPPATH\Controllers\MusicTrackController.php(14): view('/main1')
 7 SYSTEMPATH\CodeIgniter.php(919): App\Controllers\MusicTrackController->index()
 8 SYSTEMPATH\CodeIgniter.php(494): CodeIgniter\CodeIgniter->runController(Object(App\Controllers\MusicTrackController))
 9 SYSTEMPATH\CodeIgniter.php(353): CodeIgniter\CodeIgniter->handleRequest(null, Object(Config\Cache), false)
10 FCPATH\index.php(79): CodeIgniter\CodeIgniter->run()
11 SYSTEMPATH\Commands\Server\rewrite.php(47): require_once('C:\\laragon\\www\\MusicPlayer\\public\\index.php')
CRITICAL - 2023-09-23 13:14:41 --> Undefined variable $errors
in APPPATH\Views\upload.php on line 12.
 1 APPPATH\Views\upload.php(12): CodeIgniter\Debug\Exceptions->errorHandler(2, 'Undefined variable $errors', 'C:\\laragon\\www\\MusicPlayer\\app\\Views\\upload.php', 12)
 2 APPPATH\Views\main1.php(121): include('C:\\laragon\\www\\MusicPlayer\\app\\Views\\upload.php')
 3 SYSTEMPATH\View\View.php(226): include('C:\\laragon\\www\\MusicPlayer\\app\\Views\\main1.php')
 4 SYSTEMPATH\View\View.php(229): CodeIgniter\View\View->CodeIgniter\View\{closure}()
 5 SYSTEMPATH\Common.php(1188): CodeIgniter\View\View->render('/main1', [], true)
 6 APPPATH\Controllers\MusicTrackController.php(14): view('/main1')
 7 SYSTEMPATH\CodeIgniter.php(919): App\Controllers\MusicTrackController->index()
 8 SYSTEMPATH\CodeIgniter.php(494): CodeIgniter\CodeIgniter->runController(Object(App\Controllers\MusicTrackController))
 9 SYSTEMPATH\CodeIgniter.php(353): CodeIgniter\CodeIgniter->handleRequest(null, Object(Config\Cache), false)
10 FCPATH\index.php(79): CodeIgniter\CodeIgniter->run()
11 SYSTEMPATH\Commands\Server\rewrite.php(47): require_once('C:\\laragon\\www\\MusicPlayer\\public\\index.php')
CRITICAL - 2023-09-23 13:14:44 --> Undefined variable $errors
in APPPATH\Views\upload.php on line 12.
 1 APPPATH\Views\upload.php(12): CodeIgniter\Debug\Exceptions->errorHandler(2, 'Undefined variable $errors', 'C:\\laragon\\www\\MusicPlayer\\app\\Views\\upload.php', 12)
 2 APPPATH\Views\main1.php(121): include('C:\\laragon\\www\\MusicPlayer\\app\\Views\\upload.php')
 3 SYSTEMPATH\View\View.php(226): include('C:\\laragon\\www\\MusicPlayer\\app\\Views\\main1.php')
 4 SYSTEMPATH\View\View.php(229): CodeIgniter\View\View->CodeIgniter\View\{closure}()
 5 SYSTEMPATH\Common.php(1188): CodeIgniter\View\View->render('/main1', [], true)
 6 APPPATH\Controllers\MusicTrackController.php(14): view('/main1')
 7 SYSTEMPATH\CodeIgniter.php(919): App\Controllers\MusicTrackController->index()
 8 SYSTEMPATH\CodeIgniter.php(494): CodeIgniter\CodeIgniter->runController(Object(App\Controllers\MusicTrackController))
 9 SYSTEMPATH\CodeIgniter.php(353): CodeIgniter\CodeIgniter->handleRequest(null, Object(Config\Cache), false)
10 FCPATH\index.php(79): CodeIgniter\CodeIgniter->run()
11 SYSTEMPATH\Commands\Server\rewrite.php(47): require_once('C:\\laragon\\www\\MusicPlayer\\public\\index.php')
CRITICAL - 2023-09-23 13:14:45 --> Undefined variable $errors
in APPPATH\Views\upload.php on line 12.
 1 APPPATH\Views\upload.php(12): CodeIgniter\Debug\Exceptions->errorHandler(2, 'Undefined variable $errors', 'C:\\laragon\\www\\MusicPlayer\\app\\Views\\upload.php', 12)
 2 APPPATH\Views\main1.php(121): include('C:\\laragon\\www\\MusicPlayer\\app\\Views\\upload.php')
 3 SYSTEMPATH\View\View.php(226): include('C:\\laragon\\www\\MusicPlayer\\app\\Views\\main1.php')
 4 SYSTEMPATH\View\View.php(229): CodeIgniter\View\View->CodeIgniter\View\{closure}()
 5 SYSTEMPATH\Common.php(1188): CodeIgniter\View\View->render('/main1', [], true)
 6 APPPATH\Controllers\MusicTrackController.php(14): view('/main1')
 7 SYSTEMPATH\CodeIgniter.php(919): App\Controllers\MusicTrackController->index()
 8 SYSTEMPATH\CodeIgniter.php(494): CodeIgniter\CodeIgniter->runController(Object(App\Controllers\MusicTrackController))
 9 SYSTEMPATH\CodeIgniter.php(353): CodeIgniter\CodeIgniter->handleRequest(null, Object(Config\Cache), false)
10 FCPATH\index.php(79): CodeIgniter\CodeIgniter->run()
11 SYSTEMPATH\Commands\Server\rewrite.php(47): require_once('C:\\laragon\\www\\MusicPlayer\\public\\index.php')
CRITICAL - 2023-09-23 13:14:46 --> Undefined variable $errors
in APPPATH\Views\upload.php on line 12.
 1 APPPATH\Views\upload.php(12): CodeIgniter\Debug\Exceptions->errorHandler(2, 'Undefined variable $errors', 'C:\\laragon\\www\\MusicPlayer\\app\\Views\\upload.php', 12)
 2 APPPATH\Views\main1.php(121): include('C:\\laragon\\www\\MusicPlayer\\app\\Views\\upload.php')
 3 SYSTEMPATH\View\View.php(226): include('C:\\laragon\\www\\MusicPlayer\\app\\Views\\main1.php')
 4 SYSTEMPATH\View\View.php(229): CodeIgniter\View\View->CodeIgniter\View\{closure}()
 5 SYSTEMPATH\Common.php(1188): CodeIgniter\View\View->render('/main1', [], true)
 6 APPPATH\Controllers\MusicTrackController.php(14): view('/main1')
 7 SYSTEMPATH\CodeIgniter.php(919): App\Controllers\MusicTrackController->index()
 8 SYSTEMPATH\CodeIgniter.php(494): CodeIgniter\CodeIgniter->runController(Object(App\Controllers\MusicTrackController))
 9 SYSTEMPATH\CodeIgniter.php(353): CodeIgniter\CodeIgniter->handleRequest(null, Object(Config\Cache), false)
10 FCPATH\index.php(79): CodeIgniter\CodeIgniter->run()
11 SYSTEMPATH\Commands\Server\rewrite.php(47): require_once('C:\\laragon\\www\\MusicPlayer\\public\\index.php')
CRITICAL - 2023-09-23 13:15:00 --> Call to undefined function form_open_multipart()
in APPPATH\Views\upload.php on line 13.
 1 APPPATH\Views\main1.php(121): include()
 2 SYSTEMPATH\View\View.php(226): include('C:\\laragon\\www\\MusicPlayer\\app\\Views\\main1.php')
 3 SYSTEMPATH\View\View.php(229): CodeIgniter\View\View->CodeIgniter\View\{closure}()
 4 SYSTEMPATH\Common.php(1188): CodeIgniter\View\View->render('/main1', [], true)
 5 APPPATH\Controllers\MusicTrackController.php(14): view('/main1')
 6 SYSTEMPATH\CodeIgniter.php(919): App\Controllers\MusicTrackController->index()
 7 SYSTEMPATH\CodeIgniter.php(494): CodeIgniter\CodeIgniter->runController(Object(App\Controllers\MusicTrackController))
 8 SYSTEMPATH\CodeIgniter.php(353): CodeIgniter\CodeIgniter->handleRequest(null, Object(Config\Cache), false)
 9 FCPATH\index.php(79): CodeIgniter\CodeIgniter->run()
10 SYSTEMPATH\Commands\Server\rewrite.php(47): require_once('C:\\laragon\\www\\MusicPlayer\\public\\index.php')
CRITICAL - 2023-09-23 13:15:01 --> Call to undefined function form_open_multipart()
in APPPATH\Views\upload.php on line 13.
 1 APPPATH\Views\main1.php(121): include()
 2 SYSTEMPATH\View\View.php(226): include('C:\\laragon\\www\\MusicPlayer\\app\\Views\\main1.php')
 3 SYSTEMPATH\View\View.php(229): CodeIgniter\View\View->CodeIgniter\View\{closure}()
 4 SYSTEMPATH\Common.php(1188): CodeIgniter\View\View->render('/main1', [], true)
 5 APPPATH\Controllers\MusicTrackController.php(14): view('/main1')
 6 SYSTEMPATH\CodeIgniter.php(919): App\Controllers\MusicTrackController->index()
 7 SYSTEMPATH\CodeIgniter.php(494): CodeIgniter\CodeIgniter->runController(Object(App\Controllers\MusicTrackController))
 8 SYSTEMPATH\CodeIgniter.php(353): CodeIgniter\CodeIgniter->handleRequest(null, Object(Config\Cache), false)
 9 FCPATH\index.php(79): CodeIgniter\CodeIgniter->run()
10 SYSTEMPATH\Commands\Server\rewrite.php(47): require_once('C:\\laragon\\www\\MusicPlayer\\public\\index.php')
CRITICAL - 2023-09-23 13:15:01 --> Call to undefined function form_open_multipart()
in APPPATH\Views\upload.php on line 13.
 1 APPPATH\Views\main1.php(121): include()
 2 SYSTEMPATH\View\View.php(226): include('C:\\laragon\\www\\MusicPlayer\\app\\Views\\main1.php')
 3 SYSTEMPATH\View\View.php(229): CodeIgniter\View\View->CodeIgniter\View\{closure}()
 4 SYSTEMPATH\Common.php(1188): CodeIgniter\View\View->render('/main1', [], true)
 5 APPPATH\Controllers\MusicTrackController.php(14): view('/main1')
 6 SYSTEMPATH\CodeIgniter.php(919): App\Controllers\MusicTrackController->index()
 7 SYSTEMPATH\CodeIgniter.php(494): CodeIgniter\CodeIgniter->runController(Object(App\Controllers\MusicTrackController))
 8 SYSTEMPATH\CodeIgniter.php(353): CodeIgniter\CodeIgniter->handleRequest(null, Object(Config\Cache), false)
 9 FCPATH\index.php(79): CodeIgniter\CodeIgniter->run()
10 SYSTEMPATH\Commands\Server\rewrite.php(47): require_once('C:\\laragon\\www\\MusicPlayer\\public\\index.php')
CRITICAL - 2023-09-23 13:16:05 --> Class "App\Model\MusicTrackModel" not found
in APPPATH\Controllers\MusicTrackController.php on line 31.
 1 SYSTEMPATH\CodeIgniter.php(919): App\Controllers\MusicTrackController->upload()
 2 SYSTEMPATH\CodeIgniter.php(494): CodeIgniter\CodeIgniter->runController(Object(App\Controllers\MusicTrackController))
 3 SYSTEMPATH\CodeIgniter.php(353): CodeIgniter\CodeIgniter->handleRequest(null, Object(Config\Cache), false)
 4 FCPATH\index.php(79): CodeIgniter\CodeIgniter->run()
 5 SYSTEMPATH\Commands\Server\rewrite.php(47): require_once('C:\\laragon\\www\\MusicPlayer\\public\\index.php')
